{"topic":"Storing test details","message":"TypeError: Cannot read property 'success' of undefined","level":"error"}
{"topic":"Storing test details","message":"TypeError: Cannot read property 'success' of undefined","level":"error"}
{"topic":"Storing test details","message":"TypeError: Cannot read property 'success' of undefined","level":"error"}
{"topic":"Storing test details","message":"ReferenceError: validationResult is not defined","level":"error"}
{"topic":"Storing test details","message":"ReferenceError: message is not defined","level":"error"}
{"topic":"Storing test details","message":"ReferenceError: updateStatus is not defined","level":"error"}
{"topic":"Storing test details","message":"TypeError: Cannot read property 'success' of undefined","level":"error"}
{"topic":"Storing test details","message":"TypeError: Cannot read property 'success' of undefined","level":"error"}
{"topic":"Storing test details","message":"TypeError: Cannot read property 'success' of undefined","level":"error"}
{"topic":"Storing test details","message":"TypeError: Cannot read property 'success' of undefined","level":"error"}
{"topic":"Storing test details","message":"TypeError: Cannot read property 'success' of undefined","level":"error"}
{"topic":"Storing test details","message":"ReferenceError: testData is not defined","level":"error"}
{"topic":"Storing test details","message":"TypeError: Cannot read property 'success' of undefined","level":"error"}
{"topic":"Storing test details","message":"TypeError: Cannot read property 'success' of undefined","level":"error"}
{"topic":"Storing test details","message":"TypeError: Cannot read property 'success' of undefined","level":"error"}
{"topic":"Storing test details","message":"TypeError: Cannot read property 'success' of undefined","level":"error"}
{"topic":"Storing test details","message":"TypeError: Cannot read property 'success' of undefined","level":"error"}
{"topic":"Storing test details","message":"TypeError: Cannot read property 'success' of undefined","level":"error"}
{"topic":"Storing test details","message":"TypeError: Cannot read property 'success' of undefined","level":"error"}
{"topic":"Storing test details","message":"TypeError: Cannot read property 'success' of undefined","level":"error"}
{"topic":"Storing test details","message":"TypeError: Cannot read property 'success' of undefined","level":"error"}
{"topic":"Storing test details","message":"TypeError: Cannot read property 'success' of undefined","level":"error"}
{"topic":"Storing test details","message":"ReferenceError: err is not defined","level":"error"}
{"topic":"Storing test details","message":"ReferenceError: err is not defined","level":"error"}
{"topic":"Storing test details","message":"ReferenceError: error is not defined","level":"error"}
{"topic":"Storing test details","message":"ReferenceError: error is not defined","level":"error"}
{"topic":"Storing test details","message":"ReferenceError: error is not defined","level":"error"}
{"topic":"Storing test details","message":"ReferenceError: err is not defined","level":"error"}
{"topic":"Storing test details","message":"TypeError: Assignment to constant variable.","level":"error"}
{"topic":"Storing test details","message":"TypeError: Assignment to constant variable.","level":"error"}
{"topic":"Storing test details","message":"ReferenceError: err is not defined","level":"error"}
{"topic":"Storing test details","message":"ReferenceError: err is not defined","level":"error"}
{"topic":"Storing test details","message":"ReferenceError: err is not defined","level":"error"}
{"topic":"Storing test details","message":"ReferenceError: err is not defined","level":"error"}
{"topic":"Storing test details","message":"TypeError: Cannot read property 'success' of undefined","level":"error"}
{"topic":"Storing test details","message":"TypeError: Cannot read property 'success' of undefined","level":"error"}
{"topic":"Storing test details","message":"TypeError: Cannot read property 'success' of undefined","level":"error"}
{"topic":"Storing test details","message":"TypeError: Cannot read property 'success' of undefined","level":"error"}
{"topic":"Storing test details","message":"TypeError: Cannot read property 'success' of undefined","level":"error"}
{"topic":"Storing test details","message":"TypeError: Cannot read property 'success' of undefined","level":"error"}
{"topic":"Storing test details","message":"TypeError: Cannot read property 'success' of undefined","level":"error"}
{"topic":"Storing test details","message":"TypeError: Cannot read property 'success' of undefined","level":"error"}
{"topic":"Storing test details","message":"TypeError: Cannot read property 'success' of undefined","level":"error"}
{"topic":"Storing test details","message":"TypeError: Cannot read property 'success' of undefined","level":"error"}
{"topic":"Storing test details","message":"TypeError: Cannot read property 'success' of undefined","level":"error"}
{"topic":"Storing test details","message":"TypeError: Cannot read property 'success' of undefined","level":"error"}
{"topic":"Storing test details","message":"TypeError: Cannot read property 'success' of undefined","level":"error"}
{"topic":"Storing test details","message":"TypeError: Cannot read property 'success' of undefined","level":"error"}
{"topic":"Storing test details","message":"TypeError: Cannot read property 'success' of undefined","level":"error"}
{"topic":"Storing test details","message":"TypeError: Cannot read property 'success' of undefined","level":"error"}
{"topic":"Storing test details","message":"ReferenceError: testMetaData is not defined","level":"error"}
